nohup: ignoring input

  .   ____          _            __ _ _
 /\\ / ___'_ __ _ _(_)_ __  __ _ \ \ \ \
( ( )\___ | '_ | '_| | '_ \/ _` | \ \ \ \
 \\/  ___)| |_)| | | | | || (_| |  ) ) ) )
  '  |____| .__|_| |_|_| |_\__, | / / / /
 =========|_|==============|___/=/_/_/_/

 :: Spring Boot ::                (v3.4.4)

2025-10-19T18:18:38.695Z  INFO 177641 --- [Capstone_Gagandeep_Kooner_Ava] [           main] .k.CapstoneGagandeepKoonerAvaApplication : Starting CapstoneGagandeepKoonerAvaApplication v0.0.1-SNAPSHOT using Java 21.0.8 with PID 177641 (/home/ubuntu/Capstone_Gagandeep_Kooner_Ava_4/Capstone_Gagandeep_Kooner_Ava/target/Capstone_Gagandeep_Kooner_Ava-0.0.1-SNAPSHOT.jar started by ubuntu in /home/ubuntu/Capstone_Gagandeep_Kooner_Ava_4/Capstone_Gagandeep_Kooner_Ava)
2025-10-19T18:18:38.700Z DEBUG 177641 --- [Capstone_Gagandeep_Kooner_Ava] [           main] .k.CapstoneGagandeepKoonerAvaApplication : Running with Spring Boot v3.4.4, Spring v6.2.5
2025-10-19T18:18:38.703Z  INFO 177641 --- [Capstone_Gagandeep_Kooner_Ava] [           main] .k.CapstoneGagandeepKoonerAvaApplication : No active profile set, falling back to 1 default profile: "default"
2025-10-19T18:18:39.228Z  WARN 177641 --- [Capstone_Gagandeep_Kooner_Ava] [           main] ConfigServletWebServerApplicationContext : Exception encountered during context initialization - cancelling refresh attempt: org.springframework.beans.factory.BeanDefinitionStoreException: Failed to parse configuration class [ca.sheridancollege.koonerga.CapstoneGagandeepKoonerAvaApplication]
2025-10-19T18:18:39.380Z ERROR 177641 --- [Capstone_Gagandeep_Kooner_Ava] [           main] o.s.boot.SpringApplication               : Application run failed

org.springframework.beans.factory.BeanDefinitionStoreException: Failed to parse configuration class [ca.sheridancollege.koonerga.CapstoneGagandeepKoonerAvaApplication]
	at org.springframework.context.annotation.ConfigurationClassParser.parse(ConfigurationClassParser.java:193) ~[spring-context-6.2.5.jar!/:6.2.5]
	at org.springframework.context.annotation.ConfigurationClassPostProcessor.processConfigBeanDefinitions(ConfigurationClassPostProcessor.java:418) ~[spring-context-6.2.5.jar!/:6.2.5]
	at org.springframework.context.annotation.ConfigurationClassPostProcessor.postProcessBeanDefinitionRegistry(ConfigurationClassPostProcessor.java:290) ~[spring-context-6.2.5.jar!/:6.2.5]
	at org.springframework.context.support.PostProcessorRegistrationDelegate.invokeBeanDefinitionRegistryPostProcessors(PostProcessorRegistrationDelegate.java:349) ~[spring-context-6.2.5.jar!/:6.2.5]
	at org.springframework.context.support.PostProcessorRegistrationDelegate.invokeBeanFactoryPostProcessors(PostProcessorRegistrationDelegate.java:118) ~[spring-context-6.2.5.jar!/:6.2.5]
	at org.springframework.context.support.AbstractApplicationContext.invokeBeanFactoryPostProcessors(AbstractApplicationContext.java:791) ~[spring-context-6.2.5.jar!/:6.2.5]
	at org.springframework.context.support.AbstractApplicationContext.refresh(AbstractApplicationContext.java:609) ~[spring-context-6.2.5.jar!/:6.2.5]
	at org.springframework.boot.web.servlet.context.ServletWebServerApplicationContext.refresh(ServletWebServerApplicationContext.java:146) ~[spring-boot-3.4.4.jar!/:3.4.4]
	at org.springframework.boot.SpringApplication.refresh(SpringApplication.java:752) ~[spring-boot-3.4.4.jar!/:3.4.4]
	at org.springframework.boot.SpringApplication.refreshContext(SpringApplication.java:439) ~[spring-boot-3.4.4.jar!/:3.4.4]
	at org.springframework.boot.SpringApplication.run(SpringApplication.java:318) ~[spring-boot-3.4.4.jar!/:3.4.4]
	at org.springframework.boot.SpringApplication.run(SpringApplication.java:1361) ~[spring-boot-3.4.4.jar!/:3.4.4]
	at org.springframework.boot.SpringApplication.run(SpringApplication.java:1350) ~[spring-boot-3.4.4.jar!/:3.4.4]
	at ca.sheridancollege.koonerga.CapstoneGagandeepKoonerAvaApplication.main(CapstoneGagandeepKoonerAvaApplication.java:12) ~[!/:0.0.1-SNAPSHOT]
	at java.base/jdk.internal.reflect.DirectMethodHandleAccessor.invoke(DirectMethodHandleAccessor.java:103) ~[na:na]
	at java.base/java.lang.reflect.Method.invoke(Method.java:580) ~[na:na]
	at org.springframework.boot.loader.launch.Launcher.launch(Launcher.java:102) ~[Capstone_Gagandeep_Kooner_Ava-0.0.1-SNAPSHOT.jar:0.0.1-SNAPSHOT]
	at org.springframework.boot.loader.launch.Launcher.launch(Launcher.java:64) ~[Capstone_Gagandeep_Kooner_Ava-0.0.1-SNAPSHOT.jar:0.0.1-SNAPSHOT]
	at org.springframework.boot.loader.launch.JarLauncher.main(JarLauncher.java:40) ~[Capstone_Gagandeep_Kooner_Ava-0.0.1-SNAPSHOT.jar:0.0.1-SNAPSHOT]
Caused by: org.springframework.context.annotation.ConflictingBeanDefinitionException: Annotation-specified bean name 'mqttPublisher' for bean class [ca.sheridancollege.koonerga.web.rest.MqttPublisher] conflicts with existing, non-compatible bean definition of same name and class [ca.sheridancollege.koonerga.infra.MqttPublisher]
	at org.springframework.context.annotation.ClassPathBeanDefinitionScanner.checkCandidate(ClassPathBeanDefinitionScanner.java:361) ~[spring-context-6.2.5.jar!/:6.2.5]
	at org.springframework.context.annotation.ClassPathBeanDefinitionScanner.doScan(ClassPathBeanDefinitionScanner.java:288) ~[spring-context-6.2.5.jar!/:6.2.5]
	at org.springframework.context.annotation.ComponentScanAnnotationParser.parse(ComponentScanAnnotationParser.java:128) ~[spring-context-6.2.5.jar!/:6.2.5]
	at org.springframework.context.annotation.ConfigurationClassParser.doProcessConfigurationClass(ConfigurationClassParser.java:345) ~[spring-context-6.2.5.jar!/:6.2.5]
	at org.springframework.context.annotation.ConfigurationClassParser.processConfigurationClass(ConfigurationClassParser.java:280) ~[spring-context-6.2.5.jar!/:6.2.5]
	at org.springframework.context.annotation.ConfigurationClassParser.parse(ConfigurationClassParser.java:203) ~[spring-context-6.2.5.jar!/:6.2.5]
	at org.springframework.context.annotation.ConfigurationClassParser.parse(ConfigurationClassParser.java:172) ~[spring-context-6.2.5.jar!/:6.2.5]
	... 18 common frames omitted

